<?xml version="1.0" encoding="UTF-8"?>
<!-- Generated by org.testng.reporters.JUnitReportReporter -->
<testsuite name="com.qa.tests.demoTest" tests="4" time="0.021" ignored="0" failures="0" timestamp="02 Jan 2018 00:06:00 GMT" skipped="0" hostname="eday" errors="0">
  <testcase name="div" time="0.019" classname="com.qa.tests.demoTest"/>
  <testcase name="sub" time="0.001" classname="com.qa.tests.demoTest"/>
  <testcase name="mul" time="0.001" classname="com.qa.tests.demoTest"/>
  <testcase name="sum" time="0.000" classname="com.qa.tests.demoTest"/>
</testsuite> <!-- com.qa.tests.demoTest -->
