<?xml version="1.0" encoding="UTF-8"?>
<!-- Generated by org.testng.reporters.JUnitReportReporter -->
<testsuite name="com.qa.tests.demoTest1" tests="4" time="0.000" ignored="0" failures="0" timestamp="02 Jan 2018 01:40:03 GMT" skipped="0" hostname="eday" errors="0">
  <testcase name="div" time="0.000" classname="com.qa.tests.demoTest1"/>
  <testcase name="sub" time="0.000" classname="com.qa.tests.demoTest1"/>
  <testcase name="sum" time="0.000" classname="com.qa.tests.demoTest1"/>
  <testcase name="mul" time="0.000" classname="com.qa.tests.demoTest1"/>
</testsuite> <!-- com.qa.tests.demoTest1 -->
